{"/workspaces/proyect_devtree_backend/src/handlers/index.ts": {"path":"/workspaces/proyect_devtree_backend/src/handlers/index.ts","statementMap":{"0":{"start":{"line":1,"column":0},"end":{"line":1,"column":33}},"1":{"start":{"line":3,"column":0},"end":{"line":3,"column":60}},"2":{"start":{"line":4,"column":0},"end":{"line":4,"column":27}},"3":{"start":{"line":5,"column":14},"end":{"line":5,"column":48}},"4":{"start":{"line":7,"column":0},"end":{"line":7,"column":42}},"5":{"start":{"line":10,"column":29},"end":{"line":36,"column":1}},"6":{"start":{"line":13,"column":30},"end":{"line":13,"column":38}},"7":{"start":{"line":14,"column":23},"end":{"line":14,"column":50}},"8":{"start":{"line":16,"column":4},"end":{"line":19,"column":5}},"9":{"start":{"line":17,"column":19},"end":{"line":17,"column":75}},"10":{"start":{"line":18,"column":6},"end":{"line":18,"column":null}},"11":{"start":{"line":21,"column":19},"end":{"line":21,"column":44}},"12":{"start":{"line":22,"column":25},"end":{"line":22,"column":53}},"13":{"start":{"line":23,"column":4},"end":{"line":26,"column":5}},"14":{"start":{"line":24,"column":19},"end":{"line":24,"column":63}},"15":{"start":{"line":25,"column":6},"end":{"line":25,"column":null}},"16":{"start":{"line":28,"column":17},"end":{"line":28,"column":35}},"17":{"start":{"line":29,"column":4},"end":{"line":29,"column":null}},"18":{"start":{"line":30,"column":4},"end":{"line":30,"column":null}},"19":{"start":{"line":32,"column":4},"end":{"line":32,"column":null}},"20":{"start":{"line":34,"column":4},"end":{"line":34,"column":null}},"21":{"start":{"line":10,"column":13},"end":{"line":10,"column":29}},"22":{"start":{"line":38,"column":21},"end":{"line":59,"column":1}},"23":{"start":{"line":40,"column":30},"end":{"line":40,"column":38}},"24":{"start":{"line":41,"column":17},"end":{"line":41,"column":44}},"25":{"start":{"line":44,"column":4},"end":{"line":47,"column":6}},"26":{"start":{"line":45,"column":22},"end":{"line":45,"column":74}},"27":{"start":{"line":46,"column":9},"end":{"line":46,"column":null}},"28":{"start":{"line":50,"column":30},"end":{"line":50,"column":74}},"29":{"start":{"line":51,"column":4},"end":{"line":54,"column":5}},"30":{"start":{"line":52,"column":22},"end":{"line":52,"column":56}},"31":{"start":{"line":53,"column":8},"end":{"line":53,"column":null}},"32":{"start":{"line":55,"column":18},"end":{"line":55,"column":44}},"33":{"start":{"line":56,"column":4},"end":{"line":56,"column":null}},"34":{"start":{"line":38,"column":13},"end":{"line":38,"column":21}},"35":{"start":{"line":62,"column":23},"end":{"line":64,"column":1}},"36":{"start":{"line":63,"column":4},"end":{"line":63,"column":null}},"37":{"start":{"line":62,"column":13},"end":{"line":62,"column":23}}},"fnMap":{"0":{"name":"(anonymous_1)","decl":{"start":{"line":10,"column":29},"end":{"line":10,"column":34}},"loc":{"start":{"line":10,"column":60},"end":{"line":36,"column":1}}},"1":{"name":"(anonymous_2)","decl":{"start":{"line":38,"column":21},"end":{"line":38,"column":26}},"loc":{"start":{"line":38,"column":52},"end":{"line":59,"column":1}}},"2":{"name":"(anonymous_3)","decl":{"start":{"line":62,"column":23},"end":{"line":62,"column":28}},"loc":{"start":{"line":62,"column":55},"end":{"line":64,"column":1}}}},"branchMap":{"0":{"loc":{"start":{"line":5,"column":14},"end":{"line":5,"column":48}},"type":"binary-expr","locations":[{"start":{"line":5,"column":14},"end":{"line":5,"column":37}},{"start":{"line":5,"column":41},"end":{"line":5,"column":48}}]},"1":{"loc":{"start":{"line":16,"column":4},"end":{"line":19,"column":5}},"type":"if","locations":[{"start":{"line":16,"column":4},"end":{"line":19,"column":5}}]},"2":{"loc":{"start":{"line":23,"column":4},"end":{"line":26,"column":5}},"type":"if","locations":[{"start":{"line":23,"column":4},"end":{"line":26,"column":5}}]},"3":{"loc":{"start":{"line":44,"column":4},"end":{"line":47,"column":6}},"type":"if","locations":[{"start":{"line":44,"column":4},"end":{"line":47,"column":6}}]},"4":{"loc":{"start":{"line":51,"column":4},"end":{"line":54,"column":5}},"type":"if","locations":[{"start":{"line":51,"column":4},"end":{"line":54,"column":5}}]}},"s":{"0":1,"1":1,"2":1,"3":1,"4":1,"5":1,"6":3,"7":3,"8":3,"9":1,"10":1,"11":2,"12":2,"13":2,"14":1,"15":1,"16":1,"17":1,"18":1,"19":1,"20":1,"21":1,"22":1,"23":0,"24":0,"25":0,"26":0,"27":0,"28":0,"29":0,"30":0,"31":0,"32":0,"33":0,"34":1,"35":1,"36":0,"37":1},"f":{"0":3,"1":0,"2":0},"b":{"0":[1,1],"1":[1],"2":[1],"3":[0],"4":[0]}}
,"/workspaces/proyect_devtree_backend/src/models/User.ts": {"path":"/workspaces/proyect_devtree_backend/src/models/User.ts","statementMap":{"0":{"start":{"line":1,"column":0},"end":{"line":1,"column":44}},"1":{"start":{"line":4,"column":35},"end":{"line":40,"column":2}},"2":{"start":{"line":42,"column":13},"end":{"line":42,"column":54}},"3":{"start":{"line":43,"column":0},"end":{"line":43,"column":null}}},"fnMap":{},"branchMap":{},"s":{"0":1,"1":1,"2":1,"3":1},"f":{},"b":{}}
,"/workspaces/proyect_devtree_backend/src/utils/jwt.ts": {"path":"/workspaces/proyect_devtree_backend/src/utils/jwt.ts","statementMap":{"0":{"start":{"line":1,"column":0},"end":{"line":1,"column":46}},"1":{"start":{"line":3,"column":27},"end":{"line":8,"column":1}},"2":{"start":{"line":4,"column":18},"end":{"line":6,"column":6}},"3":{"start":{"line":7,"column":4},"end":{"line":7,"column":null}},"4":{"start":{"line":3,"column":13},"end":{"line":3,"column":27}}},"fnMap":{"0":{"name":"(anonymous_1)","decl":{"start":{"line":3,"column":27},"end":{"line":3,"column":28}},"loc":{"start":{"line":3,"column":50},"end":{"line":8,"column":1}}}},"branchMap":{},"s":{"0":2,"1":2,"2":2,"3":1,"4":2},"f":{"0":2},"b":{}}
}
