TN:
SF:src/handlers/index.ts
FN:10,(anonymous_1)
FN:38,(anonymous_2)
FN:62,(anonymous_3)
FNF:3
FNH:3
FNDA:3,(anonymous_1)
FNDA:3,(anonymous_2)
FNDA:2,(anonymous_3)
DA:1,3
DA:3,3
DA:4,3
DA:5,3
DA:7,3
DA:10,3
DA:13,3
DA:14,3
DA:16,3
DA:17,1
DA:18,1
DA:21,2
DA:22,2
DA:23,2
DA:24,1
DA:25,1
DA:28,1
DA:29,1
DA:30,1
DA:32,1
DA:34,1
DA:38,3
DA:40,3
DA:41,3
DA:44,3
DA:45,1
DA:46,1
DA:50,2
DA:51,2
DA:52,1
DA:53,1
DA:55,1
DA:56,1
DA:62,3
DA:63,2
LF:35
LH:35
BRDA:5,0,0,3
BRDA:5,0,1,3
BRDA:16,1,0,1
BRDA:23,2,0,1
BRDA:44,3,0,1
BRDA:51,4,0,1
BRF:6
BRH:6
end_of_record
TN:
SF:src/models/User.ts
FNF:0
FNH:0
DA:1,3
DA:4,3
DA:42,3
DA:43,3
LF:4
LH:4
BRF:0
BRH:0
end_of_record
TN:
SF:src/utils/auths.ts
FN:3,(anonymous_1)
FN:8,(anonymous_2)
FNF:2
FNH:2
FNDA:2,(anonymous_1)
FNDA:3,(anonymous_2)
DA:1,4
DA:3,4
DA:4,2
DA:5,2
DA:8,4
DA:9,3
DA:10,2
LF:7
LH:7
BRF:0
BRH:0
end_of_record
TN:
SF:src/utils/jwt.ts
FN:3,(anonymous_1)
FNF:1
FNH:1
FNDA:2,(anonymous_1)
DA:1,4
DA:3,4
DA:4,2
DA:7,1
LF:4
LH:4
BRF:0
BRH:0
end_of_record
